[debug] [2026-04-26T17:51:13.242Z] ----------------------------------------------------------------------
[debug] [2026-04-26T17:51:13.249Z] Command:       C:\nvm4w\nodejs\node.exe C:\Users\Admin\AppData\Roaming\npm\node_modules\firebase-tools\lib\bin\firebase.js init hosting
[debug] [2026-04-26T17:51:13.250Z] CLI Version:   15.15.0
[debug] [2026-04-26T17:51:13.250Z] Platform:      win32
[debug] [2026-04-26T17:51:13.250Z] Node Version:  v20.20.2
[debug] [2026-04-26T17:51:13.251Z] Time:          Sun Apr 26 2026 14:51:13 GMT-0300 (Horário Padrão de Brasília)
[debug] [2026-04-26T17:51:13.251Z] ----------------------------------------------------------------------
[debug] 
[info] 
     ######## #### ########  ######## ########     ###     ######  ########
     ##        ##  ##     ## ##       ##     ##  ##   ##  ##       ##
     ######    ##  ########  ######   ########  #########  ######  ######
     ##        ##  ##    ##  ##       ##     ## ##     ##       ## ##
     ##       #### ##     ## ######## ########  ##     ##  ######  ########

You're about to initialize a Firebase project in this directory:

  C:\Users\Admin\OneDrive\Documentos\borderless\projetos\425-Raidmon

Before we get started, keep in mind:

  * You are initializing within an existing Firebase project directory

[debug] [2026-04-26T17:51:39.784Z] ExitPromptError: User force closed the prompt with SIGINT
    at Interface.sigint (C:\Users\Admin\AppData\Roaming\npm\node_modules\firebase-tools\node_modules\@inquirer\core\dist\commonjs\lib\create-prompt.js:101:37)
    at Interface.emit (node:events:524:28)
    at [_ttyWrite] [as _ttyWrite] (node:internal/readline/interface:1134:18)
    at ReadStream.onkeypress (node:internal/readline/interface:267:20)
    at ReadStream.emit (node:events:536:35)
    at emitKeys (node:internal/readline/utils:371:14)
    at emitKeys.next (<anonymous>)
    at ReadStream.onData (node:internal/readline/emitKeypressEvents:64:36)
    at ReadStream.emit (node:events:524:28)
    at addChunk (node:internal/streams/readable:561:12)
[error] 
[error] Error: An unexpected error has occurred.
